<?xml version="1.0" encoding="UTF-8"?>
<!-- Generated by org.testng.reporters.JUnitXMLReporter -->
<testsuite ignored="2" hostname="WINDOWS-R8SKFHD" failures="0" tests="6" name="Test3" time="0.03" errors="0" timestamp="04 Nov 2021 09:09:00 GMT">
  <testcase classname="com.qa.TestNGScripts.GroupsDemo" name="testcase6" time="0.001"/>
  <testcase classname="com.qa.TestNGScripts.GroupsDemo" name="testcase7" time="0.001"/>
  <testcase classname="com.qa.TestNGScripts.GroupsDemo" name="testcase8" time="0.001"/>
  <testcase classname="com.qa.TestNGScripts.GroupsDemo" name="testcase1" time="0.002"/>
  <testcase classname="com.qa.TestNGScripts.GroupsDemo" name="testcase2" time="0.002"/>
  <testcase classname="com.qa.TestNGScripts.GroupsDemo" name="testcase3" time="0.001"/>
  <testcase classname="com.qa.TestNGScripts.GroupsDemo" name="testcase5" time="0.0">
    <ignored/>
  </testcase> <!-- testcase5 -->
  <testcase classname="com.qa.TestNGScripts.GroupsDemo" name="testcase4" time="0.0">
    <ignored/>
  </testcase> <!-- testcase4 -->
</testsuite> <!-- Test3 -->
