<?xml version="1.0" encoding="UTF-8"?>
<!-- Generated by org.testng.reporters.JUnitXMLReporter -->
<testsuite ignored="2" hostname="WINDOWS-R8SKFHD" failures="0" tests="2" name="groupsdemo2" time="0.011" errors="0" timestamp="04 Nov 2021 12:21:17 GMT">
  <testcase classname="com.qa.TestNGScripts.GroupsDemo2" name="method3" time="0.003"/>
  <testcase classname="com.qa.TestNGScripts.GroupsDemo2" name="method4" time="0.002"/>
  <testcase classname="com.qa.TestNGScripts.GroupsDemo2" name="method1" time="0.0">
    <ignored/>
  </testcase> <!-- method1 -->
  <testcase classname="com.qa.TestNGScripts.GroupsDemo2" name="method2" time="0.0">
    <ignored/>
  </testcase> <!-- method2 -->
</testsuite> <!-- groupsdemo2 -->
