<?xml version="1.0" encoding="UTF-8"?>
<testng-results ignored="0" total="1" passed="1" failed="0" skipped="0">
  <reporter-output>
  </reporter-output>
  <suite started-at="2021-11-11T14:17:27Z" name="Default suite" finished-at="2021-11-11T14:17:38Z" duration-ms="11161">
    <groups>
    </groups>
    <test started-at="2021-11-11T14:17:27Z" name="Default test" finished-at="2021-11-11T14:17:38Z" duration-ms="11161">
      <class name="com.qa.actionsClassDemo.MouseOverDemo">
        <test-method signature="MouseOverActionDemo()[pri:0, instance:com.qa.actionsClassDemo.MouseOverDemo@1722011b]" started-at="2021-11-11T14:17:27Z" name="MouseOverActionDemo" finished-at="2021-11-11T14:17:38Z" duration-ms="11125" status="PASS">
          <reporter-output>
          </reporter-output>
        </test-method> <!-- MouseOverActionDemo -->
      </class> <!-- com.qa.actionsClassDemo.MouseOverDemo -->
    </test> <!-- Default test -->
  </suite> <!-- Default suite -->
</testng-results>
